<?xml version="1.0" encoding="UTF-8"?>
<!-- Generated by org.testng.reporters.JUnitReportReporter -->
<testsuite hostname="DESKTOP-TG341QE" failures="0" tests="2" name="testRunner.TestNgRunner" time="4.209" errors="0" timestamp="2022-08-16T22:06:47 EDT" skipped="0">
  <testcase classname="testRunner.TestNgRunner" name="runScenario" time="2.723"/>
  <system-out/>
  <testcase classname="testRunner.TestNgRunner" name="runScenario" time="1.486"/>
  <system-out/>
</testsuite> <!-- testRunner.TestNgRunner -->
